[2022-Mar-04 PM 06:20:52] Stand is executing Heist Control...
[2022-Mar-04 PM 06:20:52] [INFO] Heist Control Version: V 2.1.0
[2022-Mar-04 PM 06:20:52] [INFO] Notification Sort: Stand
[2022-Mar-04 PM 06:20:52] [INFO] Notification Char: CHAR_LESTER
[2022-Mar-04 PM 06:20:52] [INFO] Notification Color: 140
[2022-Mar-04 PM 06:20:52] [INFO] Stand Language: Chinese
[2022-Mar-05 PM 10:05:27] Stand is executing Heist Control...
[2022-Mar-05 PM 10:05:27] [INFO] Heist Control Version: V 2.1.0
[2022-Mar-05 PM 10:05:27] [INFO] Notification Sort: Stand
[2022-Mar-05 PM 10:05:27] [INFO] Notification Char: CHAR_LESTER
[2022-Mar-05 PM 10:05:27] [INFO] Notification Color: 140
[2022-Mar-12 PM 05:39:33] Stand is executing Heist Control...
[2022-Mar-12 PM 05:39:33] [INFO] Heist Control Version: V 2.1.0
[2022-Mar-12 PM 05:39:33] [INFO] Notification Sort: Stand
[2022-Mar-12 PM 05:39:33] [INFO] Notification Char: CHAR_LESTER
[2022-Mar-12 PM 05:39:33] [INFO] Notification Color: 140
[2022-Apr-05 PM 08:46:38] Stand is executing Heist Control...
[2022-Apr-05 PM 08:46:38] [INFO] Heist Control Version: V 2.1.0
[2022-Apr-05 PM 08:46:38] [INFO] Notification Sort: Stand
[2022-Apr-05 PM 08:46:38] [INFO] Notification Char: CHAR_LESTER
[2022-Apr-05 PM 08:46:38] [INFO] Notification Color: 140
[2022-Apr-05 PM 08:47:17] Stand is executing Heist Control...
[2022-Apr-05 PM 08:47:17] [INFO] Heist Control Version: V 2.1.0
[2022-Apr-05 PM 08:47:17] [INFO] Notification Sort: Stand
[2022-Apr-05 PM 08:47:17] [INFO] Notification Char: CHAR_LESTER
[2022-Apr-05 PM 08:47:17] [INFO] Notification Color: 140
[2022-Apr-05 PM 09:10:52] Stand is executing Heist Control...
[2022-Apr-05 PM 09:10:52] [INFO] Heist Control Version: V 2.1.0
[2022-Apr-05 PM 09:10:52] [INFO] Notification Sort: Stand
[2022-Apr-05 PM 09:10:52] [INFO] Notification Char: CHAR_LESTER
[2022-Apr-05 PM 09:10:52] [INFO] Notification Color: 140
[2022-Apr-05 PM 09:44:47] Stand is executing Heist Control...
[2022-Apr-05 PM 09:44:47] [INFO] Heist Control Version: V 2.1.0
[2022-Apr-05 PM 09:44:47] [INFO] Notification Sort: Stand
[2022-Apr-05 PM 09:44:47] [INFO] Notification Char: CHAR_LESTER
[2022-Apr-05 PM 09:44:47] [INFO] Notification Color: 140
[2022-Apr-05 PM 10:11:55] Stand is executing Heist Control...
[2022-Apr-05 PM 10:11:55] [INFO] Heist Control Version: V 2.1.0
[2022-Apr-05 PM 10:11:55] [INFO] Notification Sort: Stand
[2022-Apr-05 PM 10:11:55] [INFO] Notification Char: CHAR_LESTER
[2022-Apr-05 PM 10:11:55] [INFO] Notification Color: 140
[2022-Apr-05 PM 10:15:00] Stand is executing Heist Control...
[2022-Apr-05 PM 10:15:00] [INFO] Heist Control Version: V 2.1.0
[2022-Apr-05 PM 10:15:00] [INFO] Notification Sort: Stand
[2022-Apr-05 PM 10:15:00] [INFO] Notification Char: CHAR_LESTER
[2022-Apr-05 PM 10:15:00] [INFO] Notification Color: 140
[2022-Apr-05 PM 10:20:07] Stand is executing Heist Control...
[2022-Apr-05 PM 10:20:07] [INFO] Heist Control Version: V 2.1.0
[2022-Apr-05 PM 10:20:07] [INFO] Notification Sort: Stand
[2022-Apr-05 PM 10:20:07] [INFO] Notification Char: CHAR_LESTER
[2022-Apr-05 PM 10:20:07] [INFO] Notification Color: 140
[2022-Apr-05 PM 10:21:52] Stand is executing Heist Control...
[2022-Apr-05 PM 10:21:52] [INFO] Heist Control Version: V 2.1.0
[2022-Apr-05 PM 10:21:52] [INFO] Notification Sort: Stand
[2022-Apr-05 PM 10:21:52] [INFO] Notification Char: CHAR_LESTER
[2022-Apr-05 PM 10:21:52] [INFO] Notification Color: 140
[2022-Apr-05 PM 11:16:51] Stand is executing Heist Control...
[2022-Apr-05 PM 11:16:51] [INFO] Heist Control Version: V 2.1.0
[2022-Apr-05 PM 11:16:51] [INFO] Notification Sort: Stand
[2022-Apr-05 PM 11:16:51] [INFO] Notification Char: CHAR_LESTER
[2022-Apr-05 PM 11:16:51] [INFO] Notification Color: 140
[2022-Apr-06 AM 12:54:21] Stand is executing Heist Control...
[2022-Apr-06 AM 12:54:21] [INFO] Heist Control Version: V 2.1.0
[2022-Apr-06 AM 12:54:21] [INFO] Notification Sort: Stand
[2022-Apr-06 AM 12:54:21] [INFO] Notification Char: CHAR_LESTER
[2022-Apr-06 AM 12:54:21] [INFO] Notification Color: 140
[2022-Apr-06 AM 01:10:50] Stand is executing Heist Control...
[2022-Apr-06 AM 01:10:50] [INFO] Heist Control Version: V 2.1.0
[2022-Apr-06 AM 01:10:50] [INFO] Notification Sort: Stand
[2022-Apr-06 AM 01:10:50] [INFO] Notification Char: CHAR_LESTER
[2022-Apr-06 AM 01:10:50] [INFO] Notification Color: 140
[2022-Apr-06 AM 11:29:26] Stand is executing Heist Control...
[2022-Apr-06 AM 11:29:26] [INFO] Heist Control Version: V 2.1.0
[2022-Apr-06 AM 11:29:26] [INFO] Notification Sort: Stand
[2022-Apr-06 AM 11:29:26] [INFO] Notification Char: CHAR_LESTER
[2022-Apr-06 AM 11:29:26] [INFO] Notification Color: 140
[2022-Apr-06 PM 12:08:13] Stand is executing Heist Control...
[2022-Apr-06 PM 12:08:13] [INFO] Heist Control Version: V 2.1.0
[2022-Apr-06 PM 12:08:13] [INFO] Notification Sort: Stand
[2022-Apr-06 PM 12:08:13] [INFO] Notification Char: CHAR_LESTER
[2022-Apr-06 PM 12:08:13] [INFO] Notification Color: 140
[2022-Apr-13 PM 06:52:02] Stand is executing Heist Control...
[2022-Apr-13 PM 06:52:02] [INFO] Heist Control Version: V 2.1.0
[2022-Apr-13 PM 06:52:02] [INFO] Notification Sort: Stand
[2022-Apr-13 PM 06:52:02] [INFO] Notification Char: CHAR_LESTER
[2022-Apr-13 PM 06:52:02] [INFO] Notification Color: 140
[2022-Apr-13 PM 06:53:50] Stand is executing Heist Control...
[2022-Apr-13 PM 06:53:50] [INFO] Heist Control Version: V 2.1.0
[2022-Apr-13 PM 06:53:50] [INFO] Notification Sort: Stand
[2022-Apr-13 PM 06:53:50] [INFO] Notification Char: CHAR_LESTER
[2022-Apr-13 PM 06:53:50] [INFO] Notification Color: 140
[2022-Apr-13 PM 07:12:30] Stand is executing Heist Control...
[2022-Apr-13 PM 07:12:30] [INFO] Heist Control Version: V 2.1.0
[2022-Apr-13 PM 07:12:30] [INFO] Notification Sort: Stand
[2022-Apr-13 PM 07:12:30] [INFO] Notification Char: CHAR_LESTER
[2022-Apr-13 PM 07:12:30] [INFO] Notification Color: 140
[2022-Apr-16 PM 01:48:42] Stand is executing Heist Control...
[2022-Apr-16 PM 01:48:42] [INFO] Heist Control Version: V 2.1.0
[2022-Apr-16 PM 01:48:42] [INFO] Notification Sort: Stand
[2022-Apr-16 PM 01:48:42] [INFO] Notification Char: CHAR_LESTER
[2022-Apr-16 PM 01:48:42] [INFO] Notification Color: 140
[2022-Apr-16 PM 01:50:31] Stand is executing Heist Control...
[2022-Apr-16 PM 01:50:31] [INFO] Heist Control Version: V 2.1.0
[2022-Apr-16 PM 01:50:31] [INFO] Notification Sort: Stand
[2022-Apr-16 PM 01:50:31] [INFO] Notification Char: CHAR_LESTER
[2022-Apr-16 PM 01:50:31] [INFO] Notification Color: 140
[2022-Apr-16 PM 01:55:06] Stand is executing Heist Control...
[2022-Apr-16 PM 01:55:06] [INFO] Heist Control Version: V 2.1.0
[2022-Apr-16 PM 01:55:06] [INFO] Notification Sort: Stand
[2022-Apr-16 PM 01:55:06] [INFO] Notification Char: CHAR_LESTER
[2022-Apr-16 PM 01:55:06] [INFO] Notification Color: 140
[2022-Apr-16 PM 02:12:29] Stand is executing Heist Control...
[2022-Apr-16 PM 02:12:29] [INFO] Heist Control Version: V 2.1.0
[2022-Apr-16 PM 02:12:29] [INFO] Notification Sort: Stand
[2022-Apr-16 PM 02:12:29] [INFO] Notification Char: CHAR_LESTER
[2022-Apr-16 PM 02:12:29] [INFO] Notification Color: 140
[2022-Apr-16 PM 02:13:07] Stand is executing Heist Control...
[2022-Apr-16 PM 02:13:07] [INFO] Heist Control Version: V 2.1.0
[2022-Apr-16 PM 02:13:07] [INFO] Notification Sort: Stand
[2022-Apr-16 PM 02:13:07] [INFO] Notification Char: CHAR_LESTER
[2022-Apr-16 PM 02:13:07] [INFO] Notification Color: 140
[2022-Apr-16 PM 02:13:35] Stand is executing Heist Control...
[2022-Apr-16 PM 02:13:35] [INFO] Heist Control Version: V 2.1.0
[2022-Apr-16 PM 02:13:35] [INFO] Notification Sort: Stand
[2022-Apr-16 PM 02:13:35] [INFO] Notification Char: CHAR_LESTER
[2022-Apr-16 PM 02:13:35] [INFO] Notification Color: 140
[2022-Apr-16 PM 02:15:22] Stand is executing Heist Control...
[2022-Apr-16 PM 02:15:22] [INFO] Heist Control Version: V 2.1.0
[2022-Apr-16 PM 02:15:22] [INFO] Notification Sort: Stand
[2022-Apr-16 PM 02:15:22] [INFO] Notification Char: CHAR_LESTER
[2022-Apr-16 PM 02:15:22] [INFO] Notification Color: 140
[2022-Apr-16 PM 02:16:00] Stand is executing Heist Control...
[2022-Apr-16 PM 02:16:00] [INFO] Heist Control Version: V 2.1.0
[2022-Apr-16 PM 02:16:00] [INFO] Notification Sort: Stand
[2022-Apr-16 PM 02:16:00] [INFO] Notification Char: CHAR_LESTER
[2022-Apr-16 PM 02:16:00] [INFO] Notification Color: 140
[2022-Apr-16 PM 02:18:02] Stand is executing Heist Control...
[2022-Apr-16 PM 02:18:02] [INFO] Heist Control Version: V 2.1.0
[2022-Apr-16 PM 02:18:02] [INFO] Notification Sort: Stand
[2022-Apr-16 PM 02:18:02] [INFO] Notification Char: CHAR_LESTER
[2022-Apr-16 PM 02:18:02] [INFO] Notification Color: 140
[2022-Apr-16 PM 02:18:22] Stand is executing Heist Control...
[2022-Apr-16 PM 02:18:22] [INFO] Heist Control Version: V 2.1.0
[2022-Apr-16 PM 02:18:22] [INFO] Notification Sort: Stand
[2022-Apr-16 PM 02:18:22] [INFO] Notification Char: CHAR_LESTER
[2022-Apr-16 PM 02:18:22] [INFO] Notification Color: 140
[2022-Apr-17 PM 10:31:28] Stand is executing Heist Control...
[2022-Apr-17 PM 10:31:28] [INFO] Heist Control Version: V 2.1.0
[2022-Apr-17 PM 10:31:28] [INFO] Notification Sort: Stand
[2022-Apr-17 PM 10:31:28] [INFO] Notification Char: CHAR_LESTER
[2022-Apr-17 PM 10:31:28] [INFO] Notification Color: 140
[2022-Apr-17 PM 10:54:26] Stand is executing Heist Control...
[2022-Apr-17 PM 10:54:26] [INFO] Heist Control Version: V 2.1.0
[2022-Apr-17 PM 10:54:26] [INFO] Notification Sort: Stand
[2022-Apr-17 PM 10:54:26] [INFO] Notification Char: CHAR_LESTER
[2022-Apr-17 PM 10:54:26] [INFO] Notification Color: 140
[2022-Apr-19 PM 12:57:10] Stand is executing Heist Control...
[2022-Apr-19 PM 12:57:10] [INFO] Heist Control Version: V 2.1.0
[2022-Apr-19 PM 12:57:10] [INFO] Notification Sort: Stand
[2022-Apr-19 PM 12:57:10] [INFO] Notification Char: CHAR_LESTER
[2022-Apr-19 PM 12:57:10] [INFO] Notification Color: 140
[2022-Apr-19 PM 01:11:49] Stand is executing Heist Control...
[2022-Apr-19 PM 01:11:49] [INFO] Heist Control Version: V 2.1.0
[2022-Apr-19 PM 01:11:49] [INFO] Notification Sort: Stand
[2022-Apr-19 PM 01:11:49] [INFO] Notification Char: CHAR_LESTER
[2022-Apr-19 PM 01:11:49] [INFO] Notification Color: 140
[2022-Apr-19 PM 01:15:26] Stand is executing Heist Control...
[2022-Apr-19 PM 01:15:26] [INFO] Heist Control Version: V 2.1.0
[2022-Apr-19 PM 01:15:26] [INFO] Notification Sort: Stand
[2022-Apr-19 PM 01:15:26] [INFO] Notification Char: CHAR_LESTER
[2022-Apr-19 PM 01:15:26] [INFO] Notification Color: 140
[2022-Apr-19 PM 01:34:38] Stand is executing Heist Control...
[2022-Apr-19 PM 01:34:38] [INFO] Heist Control Version: V 2.1.0
[2022-Apr-19 PM 01:34:38] [INFO] Notification Sort: Stand
[2022-Apr-19 PM 01:34:38] [INFO] Notification Char: CHAR_LESTER
[2022-Apr-19 PM 01:34:38] [INFO] Notification Color: 140
[2022-Apr-19 PM 10:41:21] Stand is executing Heist Control...
[2022-Apr-19 PM 10:41:21] [INFO] Heist Control Version: V 2.1.0
[2022-Apr-19 PM 10:41:21] [INFO] Notification Sort: Stand
[2022-Apr-19 PM 10:41:21] [INFO] Notification Char: CHAR_LESTER
[2022-Apr-19 PM 10:41:21] [INFO] Notification Color: 140
[2022-Apr-19 PM 10:58:49] Stand is executing Heist Control...
[2022-Apr-19 PM 10:58:49] [INFO] Heist Control Version: V 2.1.0
[2022-Apr-19 PM 10:58:49] [INFO] Notification Sort: Stand
[2022-Apr-19 PM 10:58:49] [INFO] Notification Char: CHAR_LESTER
[2022-Apr-19 PM 10:58:49] [INFO] Notification Color: 140
[2022-Apr-21 PM 07:39:16] Stand is executing Heist Control...
[2022-Apr-21 PM 07:39:16] [INFO] Heist Control Version: V 2.1.0
[2022-Apr-21 PM 07:39:16] [INFO] Notification Sort: Stand
[2022-Apr-21 PM 07:39:16] [INFO] Notification Char: CHAR_LESTER
[2022-Apr-21 PM 07:39:16] [INFO] Notification Color: 140
[2022-Apr-21 PM 07:41:44] Stand is executing Heist Control...
[2022-Apr-21 PM 07:41:44] [INFO] Heist Control Version: V 2.1.0
[2022-Apr-21 PM 07:41:44] [INFO] Notification Sort: Stand
[2022-Apr-21 PM 07:41:44] [INFO] Notification Char: CHAR_LESTER
[2022-Apr-21 PM 07:41:44] [INFO] Notification Color: 140
[2022-Apr-21 PM 07:42:05] Stand is executing Heist Control...
[2022-Apr-21 PM 07:42:05] [INFO] Heist Control Version: V 2.1.0
[2022-Apr-21 PM 07:42:05] [INFO] Notification Sort: Stand
[2022-Apr-21 PM 07:42:05] [INFO] Notification Char: CHAR_LESTER
[2022-Apr-21 PM 07:42:05] [INFO] Notification Color: 140
[2022-Apr-21 PM 07:44:32] Stand is executing Heist Control...
[2022-Apr-21 PM 07:44:32] [INFO] Heist Control Version: V 2.1.0
[2022-Apr-21 PM 07:44:32] [INFO] Notification Sort: Stand
[2022-Apr-21 PM 07:44:32] [INFO] Notification Char: CHAR_LESTER
[2022-Apr-21 PM 07:44:32] [INFO] Notification Color: 140
[2022-Apr-21 PM 07:48:04] Stand is executing Heist Control...
[2022-Apr-21 PM 07:48:04] [INFO] Heist Control Version: V 2.1.0
[2022-Apr-21 PM 07:48:04] [INFO] Notification Sort: Stand
[2022-Apr-21 PM 07:48:04] [INFO] Notification Char: CHAR_LESTER
[2022-Apr-21 PM 07:48:04] [INFO] Notification Color: 140
[2022-Apr-21 PM 07:50:41] Stand is executing Heist Control...
[2022-Apr-21 PM 07:50:41] [INFO] Heist Control Version: V 2.1.0
[2022-Apr-21 PM 07:50:41] [INFO] Notification Sort: Stand
[2022-Apr-21 PM 07:50:41] [INFO] Notification Char: CHAR_LESTER
[2022-Apr-21 PM 07:50:41] [INFO] Notification Color: 140
[2022-Apr-21 PM 07:54:48] Stand is executing Heist Control...
[2022-Apr-21 PM 07:54:48] [INFO] Heist Control Version: V 2.1.0
[2022-Apr-21 PM 07:54:48] [INFO] Notification Sort: Stand
[2022-Apr-21 PM 07:54:48] [INFO] Notification Char: CHAR_LESTER
[2022-Apr-21 PM 07:54:48] [INFO] Notification Color: 140
[2022-Apr-21 PM 08:07:10] Stand is executing Heist Control...
[2022-Apr-21 PM 08:07:10] [INFO] Heist Control Version: V 2.1.0
[2022-Apr-21 PM 08:07:10] [INFO] Notification Sort: Stand
[2022-Apr-21 PM 08:07:10] [INFO] Notification Char: CHAR_LESTER
[2022-Apr-21 PM 08:07:10] [INFO] Notification Color: 140
[2022-Apr-21 PM 08:27:16] Stand is executing Heist Control...
[2022-Apr-21 PM 08:27:16] [INFO] Heist Control Version: V 2.1.0
[2022-Apr-21 PM 08:27:16] [INFO] Notification Sort: Stand
[2022-Apr-21 PM 08:27:16] [INFO] Notification Char: CHAR_LESTER
[2022-Apr-21 PM 08:27:16] [INFO] Notification Color: 140
[2022-Apr-21 PM 08:55:21] Stand is executing Heist Control...
[2022-Apr-21 PM 08:55:21] [INFO] Heist Control Version: V 2.1.0
[2022-Apr-21 PM 08:55:21] [INFO] Notification Sort: Stand
[2022-Apr-21 PM 08:55:21] [INFO] Notification Char: CHAR_LESTER
[2022-Apr-21 PM 08:55:21] [INFO] Notification Color: 140
[2022-Apr-21 PM 08:56:12] Stand is executing Heist Control...
[2022-Apr-21 PM 08:56:12] [INFO] Heist Control Version: V 2.1.0
[2022-Apr-21 PM 08:56:12] [INFO] Notification Sort: Stand
[2022-Apr-21 PM 08:56:12] [INFO] Notification Char: CHAR_LESTER
[2022-Apr-21 PM 08:56:12] [INFO] Notification Color: 140
[2022-Apr-21 PM 08:56:47] Stand is executing Heist Control...
[2022-Apr-21 PM 08:56:47] [INFO] Heist Control Version: V 2.1.0
[2022-Apr-21 PM 08:56:47] [INFO] Notification Sort: Stand
[2022-Apr-21 PM 08:56:47] [INFO] Notification Char: CHAR_LESTER
[2022-Apr-21 PM 08:56:47] [INFO] Notification Color: 140
[2022-Apr-21 PM 08:58:52] Stand is executing Heist Control...
[2022-Apr-21 PM 08:58:52] [INFO] Heist Control Version: V 2.1.0
[2022-Apr-21 PM 08:58:52] [INFO] Notification Sort: Stand
[2022-Apr-21 PM 08:58:52] [INFO] Notification Char: CHAR_LESTER
[2022-Apr-21 PM 08:58:52] [INFO] Notification Color: 140
[2022-Apr-21 PM 08:59:03] Stand is executing Heist Control...
[2022-Apr-21 PM 08:59:03] [INFO] Heist Control Version: V 2.1.0
[2022-Apr-21 PM 08:59:03] [INFO] Notification Sort: Stand
[2022-Apr-21 PM 08:59:03] [INFO] Notification Char: CHAR_LESTER
[2022-Apr-21 PM 08:59:03] [INFO] Notification Color: 140
[2022-Apr-23 PM 07:38:55] Stand is executing Heist Control...
[2022-Apr-23 PM 07:38:55] [INFO] Heist Control Version: V 2.1.0
[2022-Apr-23 PM 07:38:55] [INFO] Notification Sort: Stand
[2022-Apr-23 PM 07:38:55] [INFO] Notification Char: CHAR_LESTER
[2022-Apr-23 PM 07:38:55] [INFO] Notification Color: 140
[2022-Apr-24 PM 04:22:18] Stand is executing Heist Control...
[2022-Apr-24 PM 04:22:18] [INFO] Heist Control Version: V 2.1.0
[2022-Apr-24 PM 04:22:18] [INFO] Notification Sort: Stand
[2022-Apr-24 PM 04:22:18] [INFO] Notification Char: CHAR_LESTER
[2022-Apr-24 PM 04:22:18] [INFO] Notification Color: 140
[2022-Apr-24 PM 08:23:50] Stand is executing Heist Control...
[2022-Apr-24 PM 08:23:50] [INFO] Heist Control Version: V 2.1.0
[2022-Apr-24 PM 08:23:50] [INFO] Notification Sort: Stand
[2022-Apr-24 PM 08:23:50] [INFO] Notification Char: CHAR_LESTER
[2022-Apr-24 PM 08:23:50] [INFO] Notification Color: 140
[2022-Apr-24 PM 09:02:03] Stand is executing Heist Control...
[2022-Apr-24 PM 09:02:03] [INFO] Heist Control Version: V 2.1.0
[2022-Apr-24 PM 09:02:03] [INFO] Notification Sort: Stand
[2022-Apr-24 PM 09:02:03] [INFO] Notification Char: CHAR_LESTER
[2022-Apr-24 PM 09:02:03] [INFO] Notification Color: 140
[2022-Apr-25 PM 11:42:03] Stand is executing Heist Control...
[2022-Apr-25 PM 11:42:03] [INFO] Heist Control Version: V 2.1.0
[2022-Apr-25 PM 11:42:03] [INFO] Notification Sort: Stand
[2022-Apr-25 PM 11:42:03] [INFO] Notification Char: CHAR_LESTER
[2022-Apr-25 PM 11:42:03] [INFO] Notification Color: 140
[2022-Apr-25 PM 11:46:28] Stand is executing Heist Control...
[2022-Apr-25 PM 11:46:28] [INFO] Heist Control Version: V 2.1.0
[2022-Apr-25 PM 11:46:28] [INFO] Notification Sort: Stand
[2022-Apr-25 PM 11:46:28] [INFO] Notification Char: CHAR_LESTER
[2022-Apr-25 PM 11:46:28] [INFO] Notification Color: 140
[2022-Apr-26 AM 12:44:41] Stand is executing Heist Control...
[2022-Apr-26 AM 12:44:41] [INFO] Heist Control Version: V 2.1.0
[2022-Apr-26 AM 12:44:41] [INFO] Notification Sort: Stand
[2022-Apr-26 AM 12:44:41] [INFO] Notification Char: CHAR_LESTER
[2022-Apr-26 AM 12:44:41] [INFO] Notification Color: 140
[2022-Apr-26 AM 01:00:30] Stand is executing Heist Control...
[2022-Apr-26 AM 01:00:30] [INFO] Heist Control Version: V 2.1.0
[2022-Apr-26 AM 01:00:30] [INFO] Notification Sort: Stand
[2022-Apr-26 AM 01:00:30] [INFO] Notification Char: CHAR_LESTER
[2022-Apr-26 AM 01:00:30] [INFO] Notification Color: 140
[2022-Apr-26 AM 01:01:36] Stand is executing Heist Control...
[2022-Apr-26 AM 01:01:36] [INFO] Heist Control Version: V 2.1.0
[2022-Apr-26 AM 01:01:36] [INFO] Notification Sort: Stand
[2022-Apr-26 AM 01:01:36] [INFO] Notification Char: CHAR_LESTER
[2022-Apr-26 AM 01:01:36] [INFO] Notification Color: 140
[2022-Apr-26 AM 01:02:07] Stand is executing Heist Control...
[2022-Apr-26 AM 01:02:07] [INFO] Heist Control Version: V 2.1.0
[2022-Apr-26 AM 01:02:07] [INFO] Notification Sort: Stand
[2022-Apr-26 AM 01:02:07] [INFO] Notification Char: CHAR_LESTER
[2022-Apr-26 AM 01:02:07] [INFO] Notification Color: 140
[2022-Apr-26 AM 01:03:21] Stand is executing Heist Control...
[2022-Apr-26 AM 01:03:21] [INFO] Heist Control Version: V 2.1.0
[2022-Apr-26 AM 01:03:21] [INFO] Notification Sort: Stand
[2022-Apr-26 AM 01:03:21] [INFO] Notification Char: CHAR_LESTER
[2022-Apr-26 AM 01:03:21] [INFO] Notification Color: 140
[2022-Apr-26 AM 01:07:29] Stand is executing Heist Control...
[2022-Apr-26 AM 01:07:29] [INFO] Heist Control Version: V 2.1.0
[2022-Apr-26 AM 01:07:29] [INFO] Notification Sort: Stand
[2022-Apr-26 AM 01:07:29] [INFO] Notification Char: CHAR_LESTER
[2022-Apr-26 AM 01:07:29] [INFO] Notification Color: 140
[2022-Apr-26 PM 03:22:08] Stand is executing Heist Control...
[2022-Apr-26 PM 03:22:08] [INFO] Heist Control Version: V 2.1.0
[2022-Apr-26 PM 03:22:08] [INFO] Notification Sort: Stand
[2022-Apr-26 PM 03:22:08] [INFO] Notification Char: CHAR_LESTER
[2022-Apr-26 PM 03:22:08] [INFO] Notification Color: 140
[2022-Apr-26 PM 03:23:18] Stand is executing Heist Control...
[2022-Apr-26 PM 03:23:18] [INFO] Heist Control Version: V 2.1.0
[2022-Apr-26 PM 03:23:18] [INFO] Notification Sort: Stand
[2022-Apr-26 PM 03:23:18] [INFO] Notification Char: CHAR_LESTER
[2022-Apr-26 PM 03:23:18] [INFO] Notification Color: 140
[2022-Apr-26 PM 04:15:16] Stand is executing Heist Control...
[2022-Apr-26 PM 04:15:16] [INFO] Heist Control Version: V 2.1.0
[2022-Apr-26 PM 04:15:16] [INFO] Notification Sort: Stand
[2022-Apr-26 PM 04:15:16] [INFO] Notification Char: CHAR_LESTER
[2022-Apr-26 PM 04:15:16] [INFO] Notification Color: 140
[2022-Apr-26 PM 04:23:58] Stand is executing Heist Control...
[2022-Apr-26 PM 04:23:58] [INFO] Heist Control Version: V 2.1.0
[2022-Apr-26 PM 04:23:58] [INFO] Notification Sort: Stand
[2022-Apr-26 PM 04:23:58] [INFO] Notification Char: CHAR_LESTER
[2022-Apr-26 PM 04:23:58] [INFO] Notification Color: 140
[2022-Apr-26 PM 05:12:40] Stand is executing Heist Control...
[2022-Apr-26 PM 05:12:40] [INFO] Heist Control Version: V 2.1.0
[2022-Apr-26 PM 05:12:40] [INFO] Notification Sort: Stand
[2022-Apr-26 PM 05:12:40] [INFO] Notification Char: CHAR_LESTER
[2022-Apr-26 PM 05:12:40] [INFO] Notification Color: 140
[2022-Apr-26 PM 06:02:38] Stand is executing Heist Control...
[2022-Apr-26 PM 06:02:38] [INFO] Heist Control Version: V 2.1.0
[2022-Apr-26 PM 06:02:38] [INFO] Notification Sort: Stand
[2022-Apr-26 PM 06:02:38] [INFO] Notification Char: CHAR_LESTER
[2022-Apr-26 PM 06:02:38] [INFO] Notification Color: 140
[2022-Apr-26 PM 06:02:41] Stand is executing Heist Control...
[2022-Apr-26 PM 06:02:41] [INFO] Heist Control Version: V 2.1.0
[2022-Apr-26 PM 06:02:41] [INFO] Notification Sort: Stand
[2022-Apr-26 PM 06:02:41] [INFO] Notification Char: CHAR_LESTER
[2022-Apr-26 PM 06:02:41] [INFO] Notification Color: 140
[2022-Apr-27 PM 08:31:14] Stand is executing Heist Control...
[2022-Apr-27 PM 08:31:14] [INFO] Heist Control Version: V 2.1.0
[2022-Apr-27 PM 08:31:14] [INFO] Notification Sort: Stand
[2022-Apr-27 PM 08:31:14] [INFO] Notification Char: CHAR_LESTER
[2022-Apr-27 PM 08:31:14] [INFO] Notification Color: 140
[2022-Apr-27 PM 09:18:59] Stand is executing Heist Control...
[2022-Apr-27 PM 09:18:59] [INFO] Heist Control Version: V 2.1.0
[2022-Apr-27 PM 09:18:59] [INFO] Notification Sort: Stand
[2022-Apr-27 PM 09:18:59] [INFO] Notification Char: CHAR_LESTER
[2022-Apr-27 PM 09:18:59] [INFO] Notification Color: 140
[2022-Apr-27 PM 09:34:56] Stand is executing Heist Control...
[2022-Apr-27 PM 09:34:56] [INFO] Heist Control Version: V 2.1.0
[2022-Apr-27 PM 09:34:56] [INFO] Notification Sort: Stand
[2022-Apr-27 PM 09:34:56] [INFO] Notification Char: CHAR_LESTER
[2022-Apr-27 PM 09:34:56] [INFO] Notification Color: 140
[2022-Apr-27 PM 10:08:16] Stand is executing Heist Control...
[2022-Apr-27 PM 10:08:16] [INFO] Heist Control Version: V 2.1.0
[2022-Apr-27 PM 10:08:16] [INFO] Notification Sort: Stand
[2022-Apr-27 PM 10:08:16] [INFO] Notification Char: CHAR_LESTER
[2022-Apr-27 PM 10:08:16] [INFO] Notification Color: 140
[2022-Apr-27 PM 10:22:58] Stand is executing Heist Control...
[2022-Apr-27 PM 10:22:58] [INFO] Heist Control Version: V 2.1.0
[2022-Apr-27 PM 10:22:58] [INFO] Notification Sort: Stand
[2022-Apr-27 PM 10:22:58] [INFO] Notification Char: CHAR_LESTER
[2022-Apr-27 PM 10:22:58] [INFO] Notification Color: 140
[2022-Apr-28 PM 04:19:54] Stand is executing Heist Control...
[2022-Apr-28 PM 04:19:54] [INFO] Heist Control Version: V 2.1.0
[2022-Apr-28 PM 04:19:54] [INFO] Notification Sort: Stand
[2022-Apr-28 PM 04:19:54] [INFO] Notification Char: CHAR_LESTER
[2022-Apr-28 PM 04:19:54] [INFO] Notification Color: 140
[2022-Apr-28 PM 04:22:17] Stand is executing Heist Control...
[2022-Apr-28 PM 04:22:17] [INFO] Heist Control Version: V 2.1.0
[2022-Apr-28 PM 04:22:17] [INFO] Notification Sort: Stand
[2022-Apr-28 PM 04:22:17] [INFO] Notification Char: CHAR_LESTER
[2022-Apr-28 PM 04:22:17] [INFO] Notification Color: 140
[2022-Apr-28 PM 04:27:07] Stand is executing Heist Control...
[2022-Apr-28 PM 04:27:07] [INFO] Heist Control Version: V 2.1.0
[2022-Apr-28 PM 04:27:07] [INFO] Notification Sort: Stand
[2022-Apr-28 PM 04:27:07] [INFO] Notification Char: CHAR_LESTER
[2022-Apr-28 PM 04:27:07] [INFO] Notification Color: 140
[2022-Apr-28 PM 04:54:37] Stand is executing Heist Control...
[2022-Apr-28 PM 04:54:37] [INFO] Heist Control Version: V 2.1.0
[2022-Apr-28 PM 04:54:37] [INFO] Notification Sort: Stand
[2022-Apr-28 PM 04:54:37] [INFO] Notification Char: CHAR_LESTER
[2022-Apr-28 PM 04:54:37] [INFO] Notification Color: 140
[2022-Apr-29 AM 10:10:40] Stand is executing Heist Control...
[2022-Apr-29 AM 10:10:40] [INFO] Heist Control Version: V 2.1.0
[2022-Apr-29 AM 10:10:40] [INFO] Notification Sort: Stand
[2022-Apr-29 AM 10:10:40] [INFO] Notification Char: CHAR_LESTER
[2022-Apr-29 AM 10:10:40] [INFO] Notification Color: 140
[2022-Apr-29 AM 10:20:37] Stand is executing Heist Control...
[2022-Apr-29 AM 10:20:37] [INFO] Heist Control Version: V 2.1.0
[2022-Apr-29 AM 10:20:37] [INFO] Notification Sort: Stand
[2022-Apr-29 AM 10:20:37] [INFO] Notification Char: CHAR_LESTER
[2022-Apr-29 AM 10:20:37] [INFO] Notification Color: 140
[2022-Apr-29 AM 11:26:41] Stand is executing Heist Control...
[2022-Apr-29 AM 11:26:41] [INFO] Heist Control Version: V 2.1.0
[2022-Apr-29 AM 11:26:41] [INFO] Notification Sort: Stand
[2022-Apr-29 AM 11:26:41] [INFO] Notification Char: CHAR_LESTER
[2022-Apr-29 AM 11:26:41] [INFO] Notification Color: 140
[2022-Apr-29 AM 11:27:49] Stand is executing Heist Control...
[2022-Apr-29 AM 11:27:49] [INFO] Heist Control Version: V 2.1.0
[2022-Apr-29 AM 11:27:49] [INFO] Notification Sort: Stand
[2022-Apr-29 AM 11:27:49] [INFO] Notification Char: CHAR_LESTER
[2022-Apr-29 AM 11:27:49] [INFO] Notification Color: 140
[2022-Apr-29 PM 01:42:34] Stand is executing Heist Control...
[2022-Apr-29 PM 01:42:34] [INFO] Heist Control Version: V 2.1.0
[2022-Apr-29 PM 01:42:34] [INFO] Notification Sort: Stand
[2022-Apr-29 PM 01:42:34] [INFO] Notification Char: CHAR_LESTER
[2022-Apr-29 PM 01:42:34] [INFO] Notification Color: 140
[2022-Apr-29 PM 02:11:18] Stand is executing Heist Control...
[2022-Apr-29 PM 02:11:18] [INFO] Heist Control Version: V 2.1.0
[2022-Apr-29 PM 02:11:18] [INFO] Notification Sort: Stand
[2022-Apr-29 PM 02:11:18] [INFO] Notification Char: CHAR_LESTER
[2022-Apr-29 PM 02:11:18] [INFO] Notification Color: 140
[2022-Apr-29 PM 02:15:08] Stand is executing Heist Control...
[2022-Apr-29 PM 02:15:08] [INFO] Heist Control Version: V 2.1.0
[2022-Apr-29 PM 02:15:08] [INFO] Notification Sort: Stand
[2022-Apr-29 PM 02:15:08] [INFO] Notification Char: CHAR_LESTER
[2022-Apr-29 PM 02:15:08] [INFO] Notification Color: 140
[2022-Apr-29 PM 02:17:26] Stand is executing Heist Control...
[2022-Apr-29 PM 02:17:26] [INFO] Heist Control Version: V 2.1.0
[2022-Apr-29 PM 02:17:26] [INFO] Notification Sort: Stand
[2022-Apr-29 PM 02:17:26] [INFO] Notification Char: CHAR_LESTER
[2022-Apr-29 PM 02:17:26] [INFO] Notification Color: 140
[2022-Apr-29 PM 02:28:20] Stand is executing Heist Control...
[2022-Apr-29 PM 02:28:20] [INFO] Heist Control Version: V 2.1.0
[2022-Apr-29 PM 02:28:20] [INFO] Notification Sort: Stand
[2022-Apr-29 PM 02:28:20] [INFO] Notification Char: CHAR_LESTER
[2022-Apr-29 PM 02:28:20] [INFO] Notification Color: 140
[2022-Apr-29 PM 03:17:58] Stand is executing Heist Control...
[2022-Apr-29 PM 03:17:58] [INFO] Heist Control Version: V 2.1.0
[2022-Apr-29 PM 03:17:58] [INFO] Notification Sort: Stand
[2022-Apr-29 PM 03:17:58] [INFO] Notification Char: CHAR_LESTER
[2022-Apr-29 PM 03:17:58] [INFO] Notification Color: 140
[2022-Apr-29 PM 03:57:37] Stand is executing Heist Control...
[2022-Apr-29 PM 03:57:37] [INFO] Heist Control Version: V 2.1.0
[2022-Apr-29 PM 03:57:37] [INFO] Notification Sort: Stand
[2022-Apr-29 PM 03:57:37] [INFO] Notification Char: CHAR_LESTER
[2022-Apr-29 PM 03:57:37] [INFO] Notification Color: 140
[2022-Apr-29 PM 05:28:11] Stand is executing Heist Control...
[2022-Apr-29 PM 05:28:11] [INFO] Heist Control Version: V 2.1.0
[2022-Apr-29 PM 05:28:11] [INFO] Notification Sort: Stand
[2022-Apr-29 PM 05:28:11] [INFO] Notification Char: CHAR_LESTER
[2022-Apr-29 PM 05:28:11] [INFO] Notification Color: 140
[2022-Apr-29 PM 09:14:50] Stand is executing Heist Control...
[2022-Apr-29 PM 09:14:50] [INFO] Heist Control Version: V 2.1.0
[2022-Apr-29 PM 09:14:50] [INFO] Notification Sort: Stand
[2022-Apr-29 PM 09:14:50] [INFO] Notification Char: CHAR_LESTER
[2022-Apr-29 PM 09:14:50] [INFO] Notification Color: 140
[2022-Apr-29 PM 09:30:55] Stand is executing Heist Control...
[2022-Apr-29 PM 09:30:55] [INFO] Heist Control Version: V 2.1.0
[2022-Apr-29 PM 09:30:55] [INFO] Notification Sort: Stand
[2022-Apr-29 PM 09:30:55] [INFO] Notification Char: CHAR_LESTER
[2022-Apr-29 PM 09:30:55] [INFO] Notification Color: 140
[2022-Apr-29 PM 10:29:34] Stand is executing Heist Control...
[2022-Apr-29 PM 10:29:34] [INFO] Heist Control Version: V 2.1.0
[2022-Apr-29 PM 10:29:34] [INFO] Notification Sort: Stand
[2022-Apr-29 PM 10:29:34] [INFO] Notification Char: CHAR_LESTER
[2022-Apr-29 PM 10:29:34] [INFO] Notification Color: 140
[2022-Apr-29 PM 10:29:45] Stand is executing Heist Control...
[2022-Apr-29 PM 10:29:45] [INFO] Heist Control Version: V 2.1.0
[2022-Apr-29 PM 10:29:45] [INFO] Notification Sort: Stand
[2022-Apr-29 PM 10:29:45] [INFO] Notification Char: CHAR_LESTER
[2022-Apr-29 PM 10:29:45] [INFO] Notification Color: 140
[2022-Apr-29 PM 10:31:34] Stand is executing Heist Control...
[2022-Apr-29 PM 10:31:34] [INFO] Heist Control Version: V 2.1.0
[2022-Apr-29 PM 10:31:34] [INFO] Notification Sort: Stand
[2022-Apr-29 PM 10:31:34] [INFO] Notification Char: CHAR_LESTER
[2022-Apr-29 PM 10:31:34] [INFO] Notification Color: 140
[2022-Apr-29 PM 10:32:46] Stand is executing Heist Control...
[2022-Apr-29 PM 10:32:46] [INFO] Heist Control Version: V 2.1.0
[2022-Apr-29 PM 10:32:46] [INFO] Notification Sort: Stand
[2022-Apr-29 PM 10:32:46] [INFO] Notification Char: CHAR_LESTER
[2022-Apr-29 PM 10:32:46] [INFO] Notification Color: 140
[2022-Apr-29 PM 10:40:04] Stand is executing Heist Control...
[2022-Apr-29 PM 10:40:04] [INFO] Heist Control Version: V 2.1.0
[2022-Apr-29 PM 10:40:04] [INFO] Notification Sort: Stand
[2022-Apr-29 PM 10:40:04] [INFO] Notification Char: CHAR_LESTER
[2022-Apr-29 PM 10:40:04] [INFO] Notification Color: 140
[2022-Apr-30 AM 10:52:26] Stand is executing Heist Control...
[2022-Apr-30 AM 10:52:26] [INFO] Heist Control Version: V 2.1.0
[2022-Apr-30 AM 10:52:26] [INFO] Notification Sort: Stand
[2022-Apr-30 AM 10:52:26] [INFO] Notification Char: CHAR_LESTER
[2022-Apr-30 AM 10:52:26] [INFO] Notification Color: 140
[2022-Apr-30 PM 12:36:01] Stand is executing Heist Control...
[2022-Apr-30 PM 12:36:01] [INFO] Heist Control Version: V 2.1.0
[2022-Apr-30 PM 12:36:01] [INFO] Notification Sort: Stand
[2022-Apr-30 PM 12:36:01] [INFO] Notification Char: CHAR_LESTER
[2022-Apr-30 PM 12:36:01] [INFO] Notification Color: 140
[2022-Apr-30 PM 01:00:37] Stand is executing Heist Control...
[2022-Apr-30 PM 01:00:37] [INFO] Heist Control Version: V 2.1.0
[2022-Apr-30 PM 01:00:37] [INFO] Notification Sort: Stand
[2022-Apr-30 PM 01:00:37] [INFO] Notification Char: CHAR_LESTER
[2022-Apr-30 PM 01:00:37] [INFO] Notification Color: 140
[2022-Apr-30 PM 01:29:02] Stand is executing Heist Control...
[2022-Apr-30 PM 01:29:02] [INFO] Heist Control Version: V 2.1.0
[2022-Apr-30 PM 01:29:02] [INFO] Notification Sort: Stand
[2022-Apr-30 PM 01:29:02] [INFO] Notification Char: CHAR_LESTER
[2022-Apr-30 PM 01:29:02] [INFO] Notification Color: 140
[2022-Apr-30 PM 01:29:10] Stand is executing Heist Control...
[2022-Apr-30 PM 01:29:10] [INFO] Heist Control Version: V 2.1.0
[2022-Apr-30 PM 01:29:10] [INFO] Notification Sort: Stand
[2022-Apr-30 PM 01:29:10] [INFO] Notification Char: CHAR_LESTER
[2022-Apr-30 PM 01:29:10] [INFO] Notification Color: 140
[2022-Apr-30 PM 07:49:32] Stand is executing Heist Control...
[2022-Apr-30 PM 07:49:32] [INFO] Heist Control Version: V 2.1.0
[2022-Apr-30 PM 07:49:32] [INFO] Notification Sort: Stand
[2022-Apr-30 PM 07:49:32] [INFO] Notification Char: CHAR_LESTER
[2022-Apr-30 PM 07:49:32] [INFO] Notification Color: 140
[2022-Apr-30 PM 08:16:28] Stand is executing Heist Control...
[2022-Apr-30 PM 08:16:28] [INFO] Heist Control Version: V 2.1.0
[2022-Apr-30 PM 08:16:28] [INFO] Notification Sort: Stand
[2022-Apr-30 PM 08:16:28] [INFO] Notification Char: CHAR_LESTER
[2022-Apr-30 PM 08:16:28] [INFO] Notification Color: 140
[2022-Apr-30 PM 11:27:22] Stand is executing Heist Control...
[2022-Apr-30 PM 11:27:22] [INFO] Heist Control Version: V 2.1.0
[2022-Apr-30 PM 11:27:22] [INFO] Notification Sort: Stand
[2022-Apr-30 PM 11:27:22] [INFO] Notification Char: CHAR_LESTER
[2022-Apr-30 PM 11:27:22] [INFO] Notification Color: 140
[2022-May-01 AM 01:45:39] Stand is executing Heist Control...
[2022-May-01 AM 01:45:39] [INFO] Heist Control Version: V 2.1.0
[2022-May-01 AM 01:45:39] [INFO] Notification Sort: Stand
[2022-May-01 AM 01:45:39] [INFO] Notification Char: CHAR_LESTER
[2022-May-01 AM 01:45:39] [INFO] Notification Color: 140
[2022-May-01 PM 02:31:22] Stand is executing Heist Control...
[2022-May-01 PM 02:31:22] [INFO] Heist Control Version: V 2.1.0
[2022-May-01 PM 02:31:22] [INFO] Notification Sort: Stand
[2022-May-01 PM 02:31:22] [INFO] Notification Char: CHAR_LESTER
[2022-May-01 PM 02:31:22] [INFO] Notification Color: 140
[2022-May-02 PM 10:22:12] Stand is executing Heist Control...
[2022-May-02 PM 10:22:12] [INFO] Heist Control Version: V 2.1.0
[2022-May-02 PM 10:22:12] [INFO] Notification Sort: Stand
[2022-May-02 PM 10:22:12] [INFO] Notification Char: CHAR_LESTER
[2022-May-02 PM 10:22:12] [INFO] Notification Color: 140
[2022-May-03 AM 03:33:05] Stand is executing Heist Control...
[2022-May-03 AM 03:33:05] [INFO] Heist Control Version: V 2.1.0
[2022-May-03 AM 03:33:05] [INFO] Notification Sort: Stand
[2022-May-03 AM 03:33:05] [INFO] Notification Char: CHAR_LESTER
[2022-May-03 AM 03:33:05] [INFO] Notification Color: 140
[2022-May-03 PM 02:27:46] Stand is executing Heist Control...
[2022-May-03 PM 02:27:46] [INFO] Heist Control Version: V 2.1.0
[2022-May-03 PM 02:27:46] [INFO] Notification Sort: Stand
[2022-May-03 PM 02:27:46] [INFO] Notification Char: CHAR_LESTER
[2022-May-03 PM 02:27:46] [INFO] Notification Color: 140
[2022-May-03 PM 03:01:02] Stand is executing Heist Control...
[2022-May-03 PM 03:01:02] [INFO] Heist Control Version: V 2.1.0
[2022-May-03 PM 03:01:02] [INFO] Notification Sort: Stand
[2022-May-03 PM 03:01:02] [INFO] Notification Char: CHAR_LESTER
[2022-May-03 PM 03:01:02] [INFO] Notification Color: 140
[2022-May-03 PM 03:17:53] Stand is executing Heist Control...
[2022-May-03 PM 03:17:53] [INFO] Heist Control Version: V 2.1.0
[2022-May-03 PM 03:17:53] [INFO] Notification Sort: Stand
[2022-May-03 PM 03:17:53] [INFO] Notification Char: CHAR_LESTER
[2022-May-03 PM 03:17:53] [INFO] Notification Color: 140
[2022-May-03 PM 03:24:59] Stand is executing Heist Control...
[2022-May-03 PM 03:24:59] [INFO] Heist Control Version: V 2.1.0
[2022-May-03 PM 03:24:59] [INFO] Notification Sort: Stand
[2022-May-03 PM 03:24:59] [INFO] Notification Char: CHAR_LESTER
[2022-May-03 PM 03:24:59] [INFO] Notification Color: 140
[2022-May-03 PM 03:27:14] Stand is executing Heist Control...
[2022-May-03 PM 03:27:14] [INFO] Heist Control Version: V 2.1.0
[2022-May-03 PM 03:27:14] [INFO] Notification Sort: Stand
[2022-May-03 PM 03:27:14] [INFO] Notification Char: CHAR_LESTER
[2022-May-03 PM 03:27:14] [INFO] Notification Color: 140
[2022-May-03 PM 03:28:01] Stand is executing Heist Control...
[2022-May-03 PM 03:28:01] [INFO] Heist Control Version: V 2.1.0
[2022-May-03 PM 03:28:01] [INFO] Notification Sort: Stand
[2022-May-03 PM 03:28:01] [INFO] Notification Char: CHAR_LESTER
[2022-May-03 PM 03:28:01] [INFO] Notification Color: 140
[2022-May-03 PM 04:28:48] Stand is executing Heist Control...
[2022-May-03 PM 04:28:48] [INFO] Heist Control Version: V 2.1.0
[2022-May-03 PM 04:28:48] [INFO] Notification Sort: Stand
[2022-May-03 PM 04:28:48] [INFO] Notification Char: CHAR_LESTER
[2022-May-03 PM 04:28:48] [INFO] Notification Color: 140
[2022-May-03 PM 04:44:36] Stand is executing Heist Control...
[2022-May-03 PM 04:44:36] [INFO] Heist Control Version: V 2.1.0
[2022-May-03 PM 04:44:36] [INFO] Notification Sort: Stand
[2022-May-03 PM 04:44:36] [INFO] Notification Char: CHAR_LESTER
[2022-May-03 PM 04:44:36] [INFO] Notification Color: 140
[2022-May-03 PM 04:44:44] Stand is executing Heist Control...
[2022-May-03 PM 04:44:44] [INFO] Heist Control Version: V 2.1.0
[2022-May-03 PM 04:44:44] [INFO] Notification Sort: Stand
[2022-May-03 PM 04:44:44] [INFO] Notification Char: CHAR_LESTER
[2022-May-03 PM 04:44:44] [INFO] Notification Color: 140
[2022-May-03 PM 06:47:05] Stand is executing Heist Control...
[2022-May-03 PM 06:47:05] [INFO] Heist Control Version: V 2.1.0
[2022-May-03 PM 06:47:05] [INFO] Notification Sort: Stand
[2022-May-03 PM 06:47:05] [INFO] Notification Char: CHAR_LESTER
[2022-May-03 PM 06:47:05] [INFO] Notification Color: 140
[2022-May-03 PM 07:16:49] Stand is executing Heist Control...
[2022-May-03 PM 07:16:49] [INFO] Heist Control Version: V 2.1.0
[2022-May-03 PM 07:16:49] [INFO] Notification Sort: Stand
[2022-May-03 PM 07:16:49] [INFO] Notification Char: CHAR_LESTER
[2022-May-03 PM 07:16:49] [INFO] Notification Color: 140
[2022-May-03 PM 09:22:23] Stand is executing Heist Control...
[2022-May-03 PM 09:22:23] [INFO] Heist Control Version: V 2.1.0
[2022-May-03 PM 09:22:23] [INFO] Notification Sort: Stand
[2022-May-03 PM 09:22:23] [INFO] Notification Char: CHAR_LESTER
[2022-May-03 PM 09:22:23] [INFO] Notification Color: 140
[2022-May-03 PM 09:41:40] Stand is executing Heist Control...
[2022-May-03 PM 09:41:40] [INFO] Heist Control Version: V 2.1.0
[2022-May-03 PM 09:41:40] [INFO] Notification Sort: Stand
[2022-May-03 PM 09:41:40] [INFO] Notification Char: CHAR_LESTER
[2022-May-03 PM 09:41:40] [INFO] Notification Color: 140
[2022-May-04 PM 06:15:16] Stand is executing Heist Control...
[2022-May-04 PM 06:15:16] [INFO] Heist Control Version: V 2.1.0
[2022-May-04 PM 06:15:16] [INFO] Notification Sort: Stand
[2022-May-04 PM 06:15:16] [INFO] Notification Char: CHAR_LESTER
[2022-May-04 PM 06:15:16] [INFO] Notification Color: 140
[2022-May-04 PM 07:36:48] Stand is executing Heist Control...
[2022-May-04 PM 07:36:48] [INFO] Heist Control Version: V 2.1.0
[2022-May-04 PM 07:36:48] [INFO] Notification Sort: Stand
[2022-May-04 PM 07:36:48] [INFO] Notification Char: CHAR_LESTER
[2022-May-04 PM 07:36:48] [INFO] Notification Color: 140
[2022-May-05 PM 02:06:25] Stand is executing Heist Control...
[2022-May-05 PM 02:06:25] [INFO] Heist Control Version: V 2.1.0
[2022-May-05 PM 02:06:25] [INFO] Notification Sort: Stand
[2022-May-05 PM 02:06:25] [INFO] Notification Char: CHAR_LESTER
[2022-May-05 PM 02:06:25] [INFO] Notification Color: 140
[2022-May-06 AM 10:58:26] Stand is executing Heist Control...
[2022-May-06 AM 10:58:26] [INFO] Heist Control Version: V 2.1.0
[2022-May-06 AM 10:58:26] [INFO] Notification Sort: Stand
[2022-May-06 AM 10:58:26] [INFO] Notification Char: CHAR_LESTER
[2022-May-06 AM 10:58:26] [INFO] Notification Color: 140
[2022-May-06 PM 02:18:45] Stand is executing Heist Control...
[2022-May-06 PM 02:18:45] [INFO] Heist Control Version: V 2.1.0
[2022-May-06 PM 02:18:45] [INFO] Notification Sort: Stand
[2022-May-06 PM 02:18:45] [INFO] Notification Char: CHAR_LESTER
[2022-May-06 PM 02:18:45] [INFO] Notification Color: 140
[2022-May-08 AM 02:07:32] Stand is executing Heist Control...
[2022-May-08 AM 02:07:32] [INFO] Heist Control Version: V 2.1.0
[2022-May-08 AM 02:07:32] [INFO] Notification Sort: Stand
[2022-May-08 AM 02:07:32] [INFO] Notification Char: CHAR_LESTER
[2022-May-08 AM 02:07:32] [INFO] Notification Color: 140
[2022-May-09 PM 09:37:35] Stand is executing Heist Control...
[2022-May-09 PM 09:37:35] [INFO] Heist Control Version: V 2.1.0
[2022-May-09 PM 09:37:35] [INFO] Notification Sort: Stand
[2022-May-09 PM 09:37:35] [INFO] Notification Char: CHAR_LESTER
[2022-May-09 PM 09:37:35] [INFO] Notification Color: 140
[2022-May-09 PM 09:41:20] Stand is executing Heist Control...
[2022-May-09 PM 09:41:20] [INFO] Heist Control Version: V 2.1.0
[2022-May-09 PM 09:41:20] [INFO] Notification Sort: Stand
[2022-May-09 PM 09:41:20] [INFO] Notification Char: CHAR_LESTER
[2022-May-09 PM 09:41:20] [INFO] Notification Color: 140
[2022-May-12 PM 04:12:51] Stand is executing Heist Control...
[2022-May-12 PM 04:12:51] [INFO] Heist Control Version: V 2.1.0
[2022-May-12 PM 04:12:51] [INFO] Notification Sort: Stand
[2022-May-12 PM 04:12:51] [INFO] Notification Char: CHAR_LESTER
[2022-May-12 PM 04:12:51] [INFO] Notification Color: 140
